<?xml version="1.0" encoding="UTF-8"?>
<!-- Generated by org.testng.reporters.JUnitXMLReporter -->
<testsuite ignored="0" hostname="DESKTOP-2STG0VN" failures="1" tests="2" name="Test" time="25.103" errors="0" timestamp="2022-09-24T05:18:32 EDT">
  <testcase classname="com.crm.qa.testcases.LoginPageTest" name="logginInTest" time="3.052">
    <skipped/>
  </testcase> <!-- logginInTest -->
  <testcase classname="com.crm.qa.testcases.LoginPageTest" name="logginInTest" time="2.818">
    <failure type="java.lang.AssertionError" message="expected [true] but found [false]">
      <![CDATA[java.lang.AssertionError: expected [true] but found [false]
at com.crm.qa.testcases.LoginPageTest.logginInTest(LoginPageTest.java:39)
at java.base/java.util.ArrayList.forEach(ArrayList.java:1511)
... Removed 31 stack frames]]>
    </failure>
  </testcase> <!-- logginInTest -->
</testsuite> <!-- Test -->
