<?xml version="1.0" encoding="UTF-8"?>
<!-- Generated by org.testng.reporters.JUnitXMLReporter -->
<testsuite ignored="0" hostname="DESKTOP-2STG0VN" failures="1" tests="4" name="Test" time="60.597" errors="0" timestamp="2022-09-25T05:53:12 EDT">
  <testcase classname="com.crm.qa.testcases.HomePageTestcases" name="failing" time="0.139">
    <failure type="java.lang.AssertionError" message="expected [true] but found [false]">
      <![CDATA[java.lang.AssertionError: expected [true] but found [false]
at com.crm.qa.testcases.HomePageTestcases.failing(HomePageTestcases.java:84)
at java.base/java.util.ArrayList.forEach(ArrayList.java:1541)
... Removed 35 stack frames]]>
    </failure>
  </testcase> <!-- failing -->
  <testcase classname="com.crm.qa.testcases.HomePageTestcases" name="verifyHomePageTitle" time="0.059"/>
  <testcase classname="com.crm.qa.testcases.HomePageTestcases" name="hover" time="2.645"/>
  <testcase classname="com.crm.qa.testcases.HomePageTestcases" name="verifyUser" time="0.895"/>
</testsuite> <!-- Test -->
