<?xml version="1.0" encoding="UTF-8"?>
<testng-results ignored="0" total="8" passed="7" failed="1" skipped="0">
  <reporter-output>
  </reporter-output>
  <suite started-at="2022-09-21T22:47:07 EDT" name="Surefire suite" finished-at="2022-09-21T22:49:29 EDT" duration-ms="141933">
    <groups>
    </groups>
    <test started-at="2022-09-21T22:47:07 EDT" name="Surefire test" finished-at="2022-09-21T22:49:29 EDT" duration-ms="141933">
      <class name="com.crm.qa.testcases.ContactsPageTest">
        <test-method is-config="true" signature="setUp()[pri:0, instance:com.crm.qa.testcases.ContactsPageTest@13b13b5d]" started-at="2022-09-21T22:47:11 EDT" name="setUp" finished-at="2022-09-21T22:47:34 EDT" duration-ms="23182" status="PASS">
          <reporter-output>
          </reporter-output>
        </test-method> <!-- setUp -->
        <test-method signature="enterVariousEntries(java.lang.String,java.lang.String,java.lang.String)[pri:0, instance:com.crm.qa.testcases.ContactsPageTest@13b13b5d]" started-at="2022-09-21T22:47:34 EDT" name="enterVariousEntries" data-provider="getData" finished-at="2022-09-21T22:47:43 EDT" duration-ms="8564" status="PASS">
          <params>
            <param index="0">
              <value>
                <![CDATA[Tom]]>
              </value>
            </param>
            <param index="1">
              <value>
                <![CDATA[ford]]>
              </value>
            </param>
            <param index="2">
              <value>
                <![CDATA[hello@gmail.com]]>
              </value>
            </param>
          </params>
          <reporter-output>
          </reporter-output>
        </test-method> <!-- enterVariousEntries -->
        <test-method is-config="true" signature="tearDown()[pri:0, instance:com.crm.qa.testcases.ContactsPageTest@13b13b5d]" started-at="2022-09-21T22:47:43 EDT" name="tearDown" finished-at="2022-09-21T22:47:43 EDT" duration-ms="523" status="PASS">
          <reporter-output>
          </reporter-output>
        </test-method> <!-- tearDown -->
        <test-method is-config="true" signature="setUp()[pri:0, instance:com.crm.qa.testcases.ContactsPageTest@13b13b5d]" started-at="2022-09-21T22:47:43 EDT" name="setUp" finished-at="2022-09-21T22:47:56 EDT" duration-ms="13039" status="PASS">
          <reporter-output>
          </reporter-output>
        </test-method> <!-- setUp -->
        <test-method signature="enterVariousEntries(java.lang.String,java.lang.String,java.lang.String)[pri:0, instance:com.crm.qa.testcases.ContactsPageTest@13b13b5d]" started-at="2022-09-21T22:47:56 EDT" name="enterVariousEntries" data-provider="getData" finished-at="2022-09-21T22:48:01 EDT" duration-ms="5191" status="PASS">
          <params>
            <param index="0">
              <value>
                <![CDATA[jashan]]>
              </value>
            </param>
            <param index="1">
              <value>
                <![CDATA[dhillon]]>
              </value>
            </param>
            <param index="2">
              <value>
                <![CDATA[bye@gmail.com]]>
              </value>
            </param>
          </params>
          <reporter-output>
          </reporter-output>
        </test-method> <!-- enterVariousEntries -->
        <test-method is-config="true" signature="tearDown()[pri:0, instance:com.crm.qa.testcases.ContactsPageTest@13b13b5d]" started-at="2022-09-21T22:48:01 EDT" name="tearDown" finished-at="2022-09-21T22:48:02 EDT" duration-ms="394" status="PASS">
          <reporter-output>
          </reporter-output>
        </test-method> <!-- tearDown -->
        <test-method is-config="true" signature="setUp()[pri:0, instance:com.crm.qa.testcases.ContactsPageTest@13b13b5d]" started-at="2022-09-21T22:48:02 EDT" name="setUp" finished-at="2022-09-21T22:48:15 EDT" duration-ms="13285" status="PASS">
          <reporter-output>
          </reporter-output>
        </test-method> <!-- setUp -->
        <test-method signature="enterVariousEntries(java.lang.String,java.lang.String,java.lang.String)[pri:0, instance:com.crm.qa.testcases.ContactsPageTest@13b13b5d]" started-at="2022-09-21T22:48:15 EDT" name="enterVariousEntries" data-provider="getData" finished-at="2022-09-21T22:48:20 EDT" duration-ms="5110" status="PASS">
          <params>
            <param index="0">
              <value>
                <![CDATA[namit ]]>
              </value>
            </param>
            <param index="1">
              <value>
                <![CDATA[jain]]>
              </value>
            </param>
            <param index="2">
              <value>
                <![CDATA[namit@gmail.com]]>
              </value>
            </param>
          </params>
          <reporter-output>
          </reporter-output>
        </test-method> <!-- enterVariousEntries -->
        <test-method is-config="true" signature="tearDown()[pri:0, instance:com.crm.qa.testcases.ContactsPageTest@13b13b5d]" started-at="2022-09-21T22:48:20 EDT" name="tearDown" finished-at="2022-09-21T22:48:21 EDT" duration-ms="417" status="PASS">
          <reporter-output>
          </reporter-output>
        </test-method> <!-- tearDown -->
        <test-method is-config="true" signature="setUp()[pri:0, instance:com.crm.qa.testcases.ContactsPageTest@13b13b5d]" started-at="2022-09-21T22:48:21 EDT" name="setUp" finished-at="2022-09-21T22:48:35 EDT" duration-ms="14656" status="PASS">
          <reporter-output>
          </reporter-output>
        </test-method> <!-- setUp -->
        <test-method signature="contactLinkTest()[pri:1, instance:com.crm.qa.testcases.ContactsPageTest@13b13b5d]" started-at="2022-09-21T22:48:35 EDT" name="contactLinkTest" finished-at="2022-09-21T22:48:35 EDT" duration-ms="198" status="PASS">
          <reporter-output>
          </reporter-output>
        </test-method> <!-- contactLinkTest -->
        <test-method is-config="true" signature="tearDown()[pri:0, instance:com.crm.qa.testcases.ContactsPageTest@13b13b5d]" started-at="2022-09-21T22:48:35 EDT" name="tearDown" finished-at="2022-09-21T22:48:37 EDT" duration-ms="1526" status="PASS">
          <reporter-output>
          </reporter-output>
        </test-method> <!-- tearDown -->
        <test-method is-config="true" signature="setUp()[pri:0, instance:com.crm.qa.testcases.ContactsPageTest@13b13b5d]" started-at="2022-09-21T22:48:37 EDT" name="setUp" finished-at="2022-09-21T22:48:50 EDT" duration-ms="13148" status="PASS">
          <reporter-output>
          </reporter-output>
        </test-method> <!-- setUp -->
        <test-method signature="selectingContactByName()[pri:2, instance:com.crm.qa.testcases.ContactsPageTest@13b13b5d]" started-at="2022-09-21T22:48:50 EDT" name="selectingContactByName" finished-at="2022-09-21T22:48:53 EDT" duration-ms="2547" status="PASS">
          <reporter-output>
          </reporter-output>
        </test-method> <!-- selectingContactByName -->
        <test-method is-config="true" signature="tearDown()[pri:0, instance:com.crm.qa.testcases.ContactsPageTest@13b13b5d]" started-at="2022-09-21T22:48:53 EDT" name="tearDown" finished-at="2022-09-21T22:48:53 EDT" duration-ms="419" status="PASS">
          <reporter-output>
          </reporter-output>
        </test-method> <!-- tearDown -->
        <test-method is-config="true" signature="setUp()[pri:0, instance:com.crm.qa.testcases.ContactsPageTest@13b13b5d]" started-at="2022-09-21T22:48:53 EDT" name="setUp" finished-at="2022-09-21T22:49:06 EDT" duration-ms="12728" status="PASS">
          <reporter-output>
          </reporter-output>
        </test-method> <!-- setUp -->
        <test-method signature="selectingContactMultipleNames()[pri:3, instance:com.crm.qa.testcases.ContactsPageTest@13b13b5d]" started-at="2022-09-21T22:49:06 EDT" name="selectingContactMultipleNames" finished-at="2022-09-21T22:49:10 EDT" duration-ms="3644" status="PASS">
          <reporter-output>
          </reporter-output>
        </test-method> <!-- selectingContactMultipleNames -->
        <test-method is-config="true" signature="tearDown()[pri:0, instance:com.crm.qa.testcases.ContactsPageTest@13b13b5d]" started-at="2022-09-21T22:49:10 EDT" name="tearDown" finished-at="2022-09-21T22:49:10 EDT" duration-ms="334" status="PASS">
          <reporter-output>
          </reporter-output>
        </test-method> <!-- tearDown -->
      </class> <!-- com.crm.qa.testcases.ContactsPageTest -->
      <class name="com.crm.qa.testcases.LoginPageTest">
        <test-method is-config="true" signature="setUp()[pri:0, instance:com.crm.qa.testcases.LoginPageTest@6bedbc4d]" started-at="2022-09-21T22:49:17 EDT" name="setUp" finished-at="2022-09-21T22:49:24 EDT" duration-ms="7631" status="PASS">
          <reporter-output>
          </reporter-output>
        </test-method> <!-- setUp -->
        <test-method signature="logginInTest()[pri:0, instance:com.crm.qa.testcases.LoginPageTest@6bedbc4d]" started-at="2022-09-21T22:49:24 EDT" name="logginInTest" finished-at="2022-09-21T22:49:28 EDT" duration-ms="4033" status="PASS">
          <reporter-output>
          </reporter-output>
        </test-method> <!-- logginInTest -->
        <test-method is-config="true" signature="tearDown()[pri:0, instance:com.crm.qa.testcases.LoginPageTest@6bedbc4d]" started-at="2022-09-21T22:49:28 EDT" name="tearDown" finished-at="2022-09-21T22:49:29 EDT" duration-ms="378" status="PASS">
          <reporter-output>
          </reporter-output>
        </test-method> <!-- tearDown -->
      </class> <!-- com.crm.qa.testcases.LoginPageTest -->
      <class name="com.crm.qa.testcases.LandingPageTest">
        <test-method is-config="true" signature="setUp()[pri:0, instance:com.crm.qa.testcases.LandingPageTest@57af006c]" started-at="2022-09-21T22:49:10 EDT" name="setUp" finished-at="2022-09-21T22:49:16 EDT" duration-ms="6166" status="PASS">
          <reporter-output>
          </reporter-output>
        </test-method> <!-- setUp -->
        <test-method signature="verifyTitle()[pri:0, instance:com.crm.qa.testcases.LandingPageTest@57af006c]" started-at="2022-09-21T22:49:16 EDT" name="verifyTitle" finished-at="2022-09-21T22:49:16 EDT" duration-ms="51" status="FAIL">
          <exception class="java.lang.AssertionError">
            <message>
              <![CDATA[expected [Free CRM software for customer relationship management] but found [#1 Free CRM customer relationship management software cloud]]]>
            </message>
            <full-stacktrace>
              <![CDATA[java.lang.AssertionError: expected [Free CRM software for customer relationship management] but found [#1 Free CRM customer relationship management software cloud]
at org.testng.Assert.fail(Assert.java:110)
at org.testng.Assert.failNotEquals(Assert.java:1413)
at org.testng.Assert.assertEqualsImpl(Assert.java:149)
at org.testng.Assert.assertEquals(Assert.java:131)
at org.testng.Assert.assertEquals(Assert.java:655)
at org.testng.Assert.assertEquals(Assert.java:665)
at com.crm.qa.testcases.LandingPageTest.verifyTitle(LandingPageTest.java:38)
at java.base/jdk.internal.reflect.NativeMethodAccessorImpl.invoke0(Native Method)
at java.base/jdk.internal.reflect.NativeMethodAccessorImpl.invoke(NativeMethodAccessorImpl.java:62)
at java.base/jdk.internal.reflect.DelegatingMethodAccessorImpl.invoke(DelegatingMethodAccessorImpl.java:43)
at java.base/java.lang.reflect.Method.invoke(Method.java:566)
at org.testng.internal.invokers.MethodInvocationHelper.invokeMethod(MethodInvocationHelper.java:139)
at org.testng.internal.invokers.TestInvoker.invokeMethod(TestInvoker.java:677)
at org.testng.internal.invokers.TestInvoker.invokeTestMethod(TestInvoker.java:221)
at org.testng.internal.invokers.MethodRunner.runInSequence(MethodRunner.java:50)
at org.testng.internal.invokers.TestInvoker$MethodInvocationAgent.invoke(TestInvoker.java:962)
at org.testng.internal.invokers.TestInvoker.invokeTestMethods(TestInvoker.java:194)
at org.testng.internal.invokers.TestMethodWorker.invokeTestMethods(TestMethodWorker.java:148)
at org.testng.internal.invokers.TestMethodWorker.run(TestMethodWorker.java:128)
at java.base/java.util.ArrayList.forEach(ArrayList.java:1541)
at org.testng.TestRunner.privateRun(TestRunner.java:806)
at org.testng.TestRunner.run(TestRunner.java:601)
at org.testng.SuiteRunner.runTest(SuiteRunner.java:433)
at org.testng.SuiteRunner.runSequentially(SuiteRunner.java:427)
at org.testng.SuiteRunner.privateRun(SuiteRunner.java:387)
at org.testng.SuiteRunner.run(SuiteRunner.java:330)
at org.testng.SuiteRunnerWorker.runSuite(SuiteRunnerWorker.java:52)
at org.testng.SuiteRunnerWorker.run(SuiteRunnerWorker.java:95)
at org.testng.TestNG.runSuitesSequentially(TestNG.java:1256)
at org.testng.TestNG.runSuitesLocally(TestNG.java:1176)
at org.testng.TestNG.runSuites(TestNG.java:1099)
at org.testng.TestNG.run(TestNG.java:1067)
at org.apache.maven.surefire.testng.TestNGExecutor.run(TestNGExecutor.java:135)
at org.apache.maven.surefire.testng.TestNGDirectoryTestSuite.executeMulti(TestNGDirectoryTestSuite.java:193)
at org.apache.maven.surefire.testng.TestNGDirectoryTestSuite.execute(TestNGDirectoryTestSuite.java:94)
at org.apache.maven.surefire.testng.TestNGProvider.invoke(TestNGProvider.java:146)
at org.apache.maven.surefire.booter.ForkedBooter.invokeProviderInSameClassLoader(ForkedBooter.java:384)
at org.apache.maven.surefire.booter.ForkedBooter.runSuitesInProcess(ForkedBooter.java:345)
at org.apache.maven.surefire.booter.ForkedBooter.execute(ForkedBooter.java:126)
at org.apache.maven.surefire.booter.ForkedBooter.main(ForkedBooter.java:418)
]]>
            </full-stacktrace>
          </exception> <!-- java.lang.AssertionError -->
          <reporter-output>
          </reporter-output>
        </test-method> <!-- verifyTitle -->
        <test-method is-config="true" signature="tearDown()[pri:0, instance:com.crm.qa.testcases.LandingPageTest@57af006c]" started-at="2022-09-21T22:49:16 EDT" name="tearDown" finished-at="2022-09-21T22:49:17 EDT" duration-ms="436" status="PASS">
          <reporter-output>
          </reporter-output>
        </test-method> <!-- tearDown -->
      </class> <!-- com.crm.qa.testcases.LandingPageTest -->
    </test> <!-- Surefire test -->
  </suite> <!-- Surefire suite -->
</testng-results>
